# JRE version: OpenJDK Runtime Environment (21.0.9+10) (build 21.0.9+10-Ubuntu-124.04)
# Java VM: OpenJDK 64-Bit Server VM (21.0.9+10-Ubuntu-124.04, mixed mode, emulated-client, sharing, tiered, compressed oops, compressed class ptrs, g1 gc, linux-amd64)
GC Precious Log:
 CardTable entry size: 512
 Card Set container configuration: InlinePtr #cards 4 size 8 Array Of Cards #cards 16 size 48 Howl #buckets 8 coarsen threshold 3686 Howl Bitmap #cards 512 size 80 coarsen threshold 460 Card regions per heap region 1 cards per card region 4096
 CPUs: 8 total, 8 available
 Memory: 15720M
 Large Page Support: Disabled
 NUMA Support: Disabled
 Compressed Oops: Enabled (Zero based)
 Heap Region Size: 2M
 Heap Min Capacity: 8M
 Heap Initial Capacity: 246M
 Heap Max Capacity: 3932M
 Pre-touch: Disabled
 Parallel Workers: 8
 Concurrent Workers: 2
 Concurrent Refinement Workers: 8
 Periodic GC: Disabled
Heap:
 garbage-first heap   total 65536K, used 45626K [0x000000070a400000, 0x0000000800000000)
  region size 2048K, 16 young (32768K), 2 survivors (4096K)
 Metaspace       used 27618K, committed 28224K, reserved 1114112K
  class space    used 3887K, committed 4160K, reserved 1048576K
GC Heap History (9 events):
Event: 0.222 GC heap before
{Heap before GC invocations=0 (full 0):
 garbage-first heap   total 253952K, used 21554K [0x000000070a400000, 0x0000000800000000)
  region size 2048K, 11 young (22528K), 0 survivors (0K)
 Metaspace       used 4466K, committed 4672K, reserved 1114112K
  class space    used 594K, committed 704K, reserved 1048576K
}
Event: 0.224 GC heap after
{Heap after GC invocations=1 (full 0):
 garbage-first heap   total 253952K, used 7170K [0x000000070a400000, 0x0000000800000000)
  region size 2048K, 2 young (4096K), 2 survivors (4096K)
 Metaspace       used 4466K, committed 4672K, reserved 1114112K
  class space    used 594K, committed 704K, reserved 1048576K
}
Event: 0.460 GC heap before
{Heap before GC invocations=1 (full 0):
 garbage-first heap   total 253952K, used 33794K [0x000000070a400000, 0x0000000800000000)
  region size 2048K, 16 young (32768K), 2 survivors (4096K)
 Metaspace       used 11199K, committed 11584K, reserved 1114112K
  class space    used 1560K, committed 1728K, reserved 1048576K
}
Event: 0.463 GC heap after
{Heap after GC invocations=2 (full 0):
 garbage-first heap   total 253952K, used 9695K [0x000000070a400000, 0x0000000800000000)
  region size 2048K, 2 young (4096K), 2 survivors (4096K)
 Metaspace       used 11199K, committed 11584K, reserved 1114112K
  class space    used 1560K, committed 1728K, reserved 1048576K
}
Event: 0.713 GC heap before
{Heap before GC invocations=2 (full 0):
 garbage-first heap   total 253952K, used 48607K [0x000000070a400000, 0x0000000800000000)
  region size 2048K, 23 young (47104K), 2 survivors (4096K)
 Metaspace       used 18855K, committed 19328K, reserved 1114112K
  class space    used 2581K, committed 2816K, reserved 1048576K
}
Event: 0.716 GC heap after
{Heap after GC invocations=3 (full 0):
 garbage-first heap   total 253952K, used 13514K [0x000000070a400000, 0x0000000800000000)
  region size 2048K, 4 young (8192K), 4 survivors (8192K)
 Metaspace       used 18855K, committed 19328K, reserved 1114112K
  class space    used 2581K, committed 2816K, reserved 1048576K
}
Event: 1.030 GC heap before
{Heap before GC invocations=4 (full 0):
 garbage-first heap   total 55296K, used 52426K [0x000000070a400000, 0x0000000800000000)
  region size 2048K, 23 young (47104K), 4 survivors (8192K)
 Metaspace       used 23233K, committed 23680K, reserved 1114112K
  class space    used 3277K, committed 3456K, reserved 1048576K
}
Event: 1.034 GC heap after
{Heap after GC invocations=5 (full 0):
 garbage-first heap   total 65536K, used 16954K [0x000000070a400000, 0x0000000800000000)
  region size 2048K, 5 young (10240K), 5 survivors (10240K)
 Metaspace       used 23233K, committed 23680K, reserved 1114112K
  class space    used 3277K, committed 3456K, reserved 1048576K
}
Event: 1.240 GC heap before
{Heap before GC invocations=5 (full 0):
 garbage-first heap   total 65536K, used 45626K [0x000000070a400000, 0x0000000800000000)
  region size 2048K, 19 young (38912K), 5 survivors (10240K)
 Metaspace       used 27618K, committed 28224K, reserved 1114112K
  class space    used 3887K, committed 4160K, reserved 1048576K
}

