# JRE version: OpenJDK Runtime Environment (21.0.9+10) (build 21.0.9+10-Ubuntu-124.04)
# Java VM: OpenJDK 64-Bit Server VM (21.0.9+10-Ubuntu-124.04, mixed mode, emulated-client, sharing, tiered, compressed oops, compressed class ptrs, g1 gc, linux-amd64)
GC Precious Log:
 CardTable entry size: 512
 Card Set container configuration: InlinePtr #cards 4 size 8 Array Of Cards #cards 16 size 48 Howl #buckets 8 coarsen threshold 3686 Howl Bitmap #cards 512 size 80 coarsen threshold 460 Card regions per heap region 1 cards per card region 4096
 CPUs: 8 total, 8 available
 Memory: 15720M
 Large Page Support: Disabled
 NUMA Support: Disabled
 Compressed Oops: Enabled (Zero based)
 Heap Region Size: 2M
 Heap Min Capacity: 8M
 Heap Initial Capacity: 246M
 Heap Max Capacity: 3932M
 Pre-touch: Disabled
 Parallel Workers: 8
 Concurrent Workers: 2
 Concurrent Refinement Workers: 8
 Periodic GC: Disabled
Heap:
 garbage-first heap   total 75776K, used 57934K [0x000000070a400000, 0x0000000800000000)
  region size 2048K, 19 young (38912K), 2 survivors (4096K)
 Metaspace       used 57319K, committed 57984K, reserved 1114112K
  class space    used 8354K, committed 8640K, reserved 1048576K
GC Heap History (18 events):
Event: 0.246 GC heap before
{Heap before GC invocations=0 (full 0):
 garbage-first heap   total 253952K, used 21554K [0x000000070a400000, 0x0000000800000000)
  region size 2048K, 11 young (22528K), 0 survivors (0K)
 Metaspace       used 4471K, committed 4672K, reserved 1114112K
  class space    used 595K, committed 704K, reserved 1048576K
}
Event: 0.248 GC heap after
{Heap after GC invocations=1 (full 0):
 garbage-first heap   total 253952K, used 7317K [0x000000070a400000, 0x0000000800000000)
  region size 2048K, 2 young (4096K), 2 survivors (4096K)
 Metaspace       used 4471K, committed 4672K, reserved 1114112K
  class space    used 595K, committed 704K, reserved 1048576K
}
Event: 0.471 GC heap before
{Heap before GC invocations=1 (full 0):
 garbage-first heap   total 253952K, used 35989K [0x000000070a400000, 0x0000000800000000)
  region size 2048K, 16 young (32768K), 2 survivors (4096K)
 Metaspace       used 11243K, committed 11584K, reserved 1114112K
  class space    used 1564K, committed 1728K, reserved 1048576K
}
Event: 0.475 GC heap after
{Heap after GC invocations=2 (full 0):
 garbage-first heap   total 253952K, used 9782K [0x000000070a400000, 0x0000000800000000)
  region size 2048K, 2 young (4096K), 2 survivors (4096K)
 Metaspace       used 11243K, committed 11584K, reserved 1114112K
  class space    used 1564K, committed 1728K, reserved 1048576K
}
Event: 0.732 GC heap before
{Heap before GC invocations=2 (full 0):
 garbage-first heap   total 253952K, used 50742K [0x000000070a400000, 0x0000000800000000)
  region size 2048K, 24 young (49152K), 2 survivors (4096K)
 Metaspace       used 18885K, committed 19328K, reserved 1114112K
  class space    used 2586K, committed 2816K, reserved 1048576K
}
Event: 0.736 GC heap after
{Heap after GC invocations=3 (full 0):
 garbage-first heap   total 253952K, used 13673K [0x000000070a400000, 0x0000000800000000)
  region size 2048K, 4 young (8192K), 4 survivors (8192K)
 Metaspace       used 18885K, committed 19328K, reserved 1114112K
  class space    used 2586K, committed 2816K, reserved 1048576K
}
Event: 1.052 GC heap before
{Heap before GC invocations=4 (full 0):
 garbage-first heap   total 55296K, used 52585K [0x000000070a400000, 0x0000000800000000)
  region size 2048K, 23 young (47104K), 4 survivors (8192K)
 Metaspace       used 23756K, committed 24256K, reserved 1114112K
  class space    used 3324K, committed 3520K, reserved 1048576K
}
Event: 1.056 GC heap after
{Heap after GC invocations=5 (full 0):
 garbage-first heap   total 65536K, used 16680K [0x000000070a400000, 0x0000000800000000)
  region size 2048K, 5 young (10240K), 5 survivors (10240K)
 Metaspace       used 23756K, committed 24256K, reserved 1114112K
  class space    used 3324K, committed 3520K, reserved 1048576K
}
Event: 1.250 GC heap before
{Heap before GC invocations=5 (full 0):
 garbage-first heap   total 65536K, used 45352K [0x000000070a400000, 0x0000000800000000)
  region size 2048K, 19 young (38912K), 5 survivors (10240K)
 Metaspace       used 27662K, committed 28224K, reserved 1114112K
  class space    used 3899K, committed 4160K, reserved 1048576K
}
Event: 1.258 GC heap after
{Heap after GC invocations=6 (full 0):
 garbage-first heap   total 65536K, used 19477K [0x000000070a400000, 0x0000000800000000)
  region size 2048K, 2 young (4096K), 2 survivors (4096K)
 Metaspace       used 27662K, committed 28224K, reserved 1114112K
  class space    used 3899K, committed 4160K, reserved 1048576K
}
Event: 1.383 GC heap before
{Heap before GC invocations=6 (full 0):
 garbage-first heap   total 65536K, used 35861K [0x000000070a400000, 0x0000000800000000)
  region size 2048K, 11 young (22528K), 2 survivors (4096K)
 Metaspace       used 31724K, committed 32256K, reserved 1114112K
  class space    used 4538K, committed 4800K, reserved 1048576K
}
Event: 1.385 GC heap after
{Heap after GC invocations=7 (full 0):
 garbage-first heap   total 79872K, used 19760K [0x000000070a400000, 0x0000000800000000)
  region size 2048K, 2 young (4096K), 2 survivors (4096K)
 Metaspace       used 31724K, committed 32256K, reserved 1114112K
  class space    used 4538K, committed 4800K, reserved 1048576K
}
Event: 1.796 GC heap before
{Heap before GC invocations=8 (full 0):
 garbage-first heap   total 75776K, used 58672K [0x000000070a400000, 0x0000000800000000)
  region size 2048K, 22 young (45056K), 2 survivors (4096K)
 Metaspace       used 44245K, committed 44864K, reserved 1114112K
  class space    used 6405K, committed 6720K, reserved 1048576K
}
Event: 1.801 GC heap after
{Heap after GC invocations=9 (full 0):
 garbage-first heap   total 75776K, used 22777K [0x000000070a400000, 0x0000000800000000)
  region size 2048K, 3 young (6144K), 3 survivors (6144K)
 Metaspace       used 44245K, committed 44864K, reserved 1114112K
  class space    used 6405K, committed 6720K, reserved 1048576K
}
Event: 2.112 GC heap before
{Heap before GC invocations=9 (full 0):
 garbage-first heap   total 75776K, used 57593K [0x000000070a400000, 0x0000000800000000)
  region size 2048K, 21 young (43008K), 3 survivors (6144K)
 Metaspace       used 52961K, committed 53632K, reserved 1114112K
  class space    used 7625K, committed 7936K, reserved 1048576K
}
Event: 2.116 GC heap after
{Heap after GC invocations=10 (full 0):
 garbage-first heap   total 75776K, used 25105K [0x000000070a400000, 0x0000000800000000)
  region size 2048K, 3 young (6144K), 3 survivors (6144K)
 Metaspace       used 52961K, committed 53632K, reserved 1114112K
  class space    used 7625K, committed 7936K, reserved 1048576K
}
Event: 2.131 GC heap before
{Heap before GC invocations=10 (full 0):
 garbage-first heap   total 75776K, used 25105K [0x000000070a400000, 0x0000000800000000)
  region size 2048K, 4 young (8192K), 3 survivors (6144K)
 Metaspace       used 53580K, committed 54208K, reserved 1114112K
  class space    used 7676K, committed 7936K, reserved 1048576K
}
Event: 2.133 GC heap after
{Heap after GC invocations=11 (full 0):
 garbage-first heap   total 75776K, used 25166K [0x000000070a400000, 0x0000000800000000)
  region size 2048K, 2 young (4096K), 2 survivors (4096K)
 Metaspace       used 53580K, committed 54208K, reserved 1114112K
  class space    used 7676K, committed 7936K, reserved 1048576K
}

